5161
14133
2932
8425
883
9667
8193
4303
4468
3189
553
1191
4867
147
3483
3283
700
463
4732
3913
1759
6993
3297
5551
5812
3829
4732
4732
16453
1600
3601
4657
7267
2608
2653
3709
3591
1936
4033
2041
4887
5488
17563
6771
4719
4924
4033
21184
10101
9397
1767
3891
4507
3217
1
11188
830584
6901
2899
3556
4693
12691
12883
3792
5301
11377
3037
10983
1852
4827
2457
999
4924
6979
5509
277
1647
7483
10809
5961
999
15859
6331
1843
1447
301
6483
2304
25401
3829
6283
8401
2881
2943
5101
1297
2116
2527
8137
1812
